mode: set
github.com/8soat-grupo35/grupo35-video-processing/internal/adapters/status_to_process.go:10.94,15.16 3 0
github.com/8soat-grupo35/grupo35-video-processing/internal/adapters/status_to_process.go:15.16,17.3 1 0
github.com/8soat-grupo35/grupo35-video-processing/internal/adapters/status_to_process.go:19.2,19.31 1 0
github.com/8soat-grupo35/grupo35-video-processing/internal/adapters/wrappers/s3_client.go:20.64,21.19 1 0
github.com/8soat-grupo35/grupo35-video-processing/internal/adapters/wrappers/s3_client.go:21.19,22.57 1 0
github.com/8soat-grupo35/grupo35-video-processing/internal/adapters/wrappers/s3_client.go:22.57,23.127 1 0
github.com/8soat-grupo35/grupo35-video-processing/internal/adapters/wrappers/s3_client.go:23.127,28.5 1 0
github.com/8soat-grupo35/grupo35-video-processing/internal/adapters/wrappers/s3_client.go:30.3,32.4 1 0
github.com/8soat-grupo35/grupo35-video-processing/internal/adapters/wrappers/s3_client.go:34.2,36.3 1 0
github.com/8soat-grupo35/grupo35-video-processing/internal/adapters/wrappers/s3_client.go:40.137,43.2 2 0
github.com/8soat-grupo35/grupo35-video-processing/internal/adapters/wrappers/sqs_client.go:23.155,25.2 1 0
github.com/8soat-grupo35/grupo35-video-processing/internal/adapters/wrappers/sqs_client.go:28.152,30.2 1 0
github.com/8soat-grupo35/grupo35-video-processing/internal/adapters/wrappers/sqs_client.go:33.146,35.2 1 0
github.com/8soat-grupo35/grupo35-video-processing/internal/adapters/wrappers/sqs_client.go:38.66,39.19 1 0
github.com/8soat-grupo35/grupo35-video-processing/internal/adapters/wrappers/sqs_client.go:39.19,40.57 1 0
github.com/8soat-grupo35/grupo35-video-processing/internal/adapters/wrappers/sqs_client.go:40.57,41.129 1 0
github.com/8soat-grupo35/grupo35-video-processing/internal/adapters/wrappers/sqs_client.go:41.129,45.5 1 0
github.com/8soat-grupo35/grupo35-video-processing/internal/adapters/wrappers/sqs_client.go:47.3,47.36 1 0
github.com/8soat-grupo35/grupo35-video-processing/internal/adapters/wrappers/sqs_client.go:49.2,51.3 1 0
github.com/8soat-grupo35/grupo35-video-processing/internal/api/errors/bad_request.go:7.42,9.2 1 0
github.com/8soat-grupo35/grupo35-video-processing/internal/api/errors/database.go:7.40,9.2 1 0
github.com/8soat-grupo35/grupo35-video-processing/internal/api/errors/not_found.go:7.40,9.2 1 0
github.com/8soat-grupo35/grupo35-video-processing/internal/api/server/middlewares.go:12.72,13.54 1 0
github.com/8soat-grupo35/grupo35-video-processing/internal/api/server/middlewares.go:13.54,14.37 1 0
github.com/8soat-grupo35/grupo35-video-processing/internal/api/server/middlewares.go:14.37,17.24 2 0
github.com/8soat-grupo35/grupo35-video-processing/internal/api/server/middlewares.go:17.24,19.5 1 0
github.com/8soat-grupo35/grupo35-video-processing/internal/api/server/middlewares.go:21.4,25.18 3 0
github.com/8soat-grupo35/grupo35-video-processing/internal/api/server/middlewares.go:25.18,27.5 1 0
github.com/8soat-grupo35/grupo35-video-processing/internal/api/server/middlewares.go:29.4,33.18 3 0
github.com/8soat-grupo35/grupo35-video-processing/internal/api/server/middlewares.go:33.18,36.5 2 0
github.com/8soat-grupo35/grupo35-video-processing/internal/api/server/middlewares.go:38.4,40.11 2 0
github.com/8soat-grupo35/grupo35-video-processing/internal/api/server/middlewares.go:40.11,43.5 2 0
github.com/8soat-grupo35/grupo35-video-processing/internal/api/server/middlewares.go:45.4,51.18 5 0
github.com/8soat-grupo35/grupo35-video-processing/internal/api/server/server.go:21.33,25.2 3 0
github.com/8soat-grupo35/grupo35-video-processing/internal/api/server/server.go:41.45,45.16 3 0
github.com/8soat-grupo35/grupo35-video-processing/internal/api/server/server.go:45.16,47.13 2 0
github.com/8soat-grupo35/grupo35-video-processing/internal/api/server/server.go:49.2,54.45 4 0
github.com/8soat-grupo35/grupo35-video-processing/internal/api/server/server.go:54.45,56.3 1 0
github.com/8soat-grupo35/grupo35-video-processing/internal/api/server/server.go:58.2,82.2 7 0
github.com/8soat-grupo35/grupo35-video-processing/internal/api/server/server.go:82.2,86.3 3 0
github.com/8soat-grupo35/grupo35-video-processing/internal/api/server/server.go:88.2,90.12 2 0
github.com/8soat-grupo35/grupo35-video-processing/internal/external/config.go:25.25,26.20 1 0
github.com/8soat-grupo35/grupo35-video-processing/internal/external/config.go:26.20,28.17 2 0
github.com/8soat-grupo35/grupo35-video-processing/internal/external/config.go:28.17,30.4 1 0
github.com/8soat-grupo35/grupo35-video-processing/internal/external/config.go:31.3,37.4 1 0
github.com/8soat-grupo35/grupo35-video-processing/internal/external/config.go:40.2,40.15 1 0
github.com/8soat-grupo35/grupo35-video-processing/internal/external/config.go:43.43,46.2 2 0
github.com/8soat-grupo35/grupo35-video-processing/internal/external/config.go:48.41,53.36 4 0
github.com/8soat-grupo35/grupo35-video-processing/internal/external/config.go:53.36,56.3 2 0
github.com/8soat-grupo35/grupo35-video-processing/internal/external/config.go:57.2,57.17 1 0
github.com/8soat-grupo35/grupo35-video-processing/internal/external/config.go:60.40,66.2 5 0
github.com/8soat-grupo35/grupo35-video-processing/internal/external/db.go:17.42,21.16 2 0
github.com/8soat-grupo35/grupo35-video-processing/internal/external/db.go:21.16,24.3 2 0
github.com/8soat-grupo35/grupo35-video-processing/internal/external/db.go:26.2,27.33 2 0
github.com/8soat-grupo35/grupo35-video-processing/internal/external/db.go:27.33,30.3 2 0
github.com/8soat-grupo35/grupo35-video-processing/internal/external/db.go:32.2,36.16 3 0
github.com/8soat-grupo35/grupo35-video-processing/internal/external/db.go:36.16,38.3 1 0
github.com/8soat-grupo35/grupo35-video-processing/internal/external/db.go:40.2,40.11 1 0
github.com/8soat-grupo35/grupo35-video-processing/internal/external/dynamo_db.go:21.55,23.2 1 0
github.com/8soat-grupo35/grupo35-video-processing/internal/external/dynamo_db.go:38.56,43.2 1 0
github.com/8soat-grupo35/grupo35-video-processing/internal/external/dynamo_db.go:45.48,47.2 1 0
github.com/8soat-grupo35/grupo35-video-processing/internal/external/dynamo_db.go:49.100,52.2 2 0
github.com/8soat-grupo35/grupo35-video-processing/internal/external/dynamo_db.go:54.55,57.2 2 0
github.com/8soat-grupo35/grupo35-video-processing/internal/external/dynamo_db.go:59.179,65.2 2 0
github.com/8soat-grupo35/grupo35-video-processing/internal/usecases/process_video_sender.go:14.67,18.2 1 1
github.com/8soat-grupo35/grupo35-video-processing/internal/usecases/process_video_sender.go:20.69,23.2 2 1
github.com/8soat-grupo35/grupo35-video-processing/internal/usecases/status_video_consumer.go:18.95,23.2 1 0
github.com/8soat-grupo35/grupo35-video-processing/internal/usecases/status_video_consumer.go:25.48,26.6 1 0
github.com/8soat-grupo35/grupo35-video-processing/internal/usecases/status_video_consumer.go:26.6,27.53 1 0
github.com/8soat-grupo35/grupo35-video-processing/internal/usecases/status_video_consumer.go:27.53,30.18 2 0
github.com/8soat-grupo35/grupo35-video-processing/internal/usecases/status_video_consumer.go:30.18,33.5 2 0
github.com/8soat-grupo35/grupo35-video-processing/internal/usecases/status_video_consumer.go:35.4,40.6 1 0
github.com/8soat-grupo35/grupo35-video-processing/internal/usecases/transfer_video.go:14.71,18.2 1 1
github.com/8soat-grupo35/grupo35-video-processing/internal/usecases/transfer_video.go:20.105,25.16 4 1
github.com/8soat-grupo35/grupo35-video-processing/internal/usecases/transfer_video.go:25.16,27.3 1 1
github.com/8soat-grupo35/grupo35-video-processing/internal/usecases/transfer_video.go:29.2,31.12 2 1
github.com/8soat-grupo35/grupo35-video-processing/internal/usecases/video_repository.go:12.67,16.2 1 1
github.com/8soat-grupo35/grupo35-video-processing/internal/usecases/video_repository.go:17.79,19.16 2 1
github.com/8soat-grupo35/grupo35-video-processing/internal/usecases/video_repository.go:19.16,21.3 1 1
github.com/8soat-grupo35/grupo35-video-processing/internal/usecases/video_repository.go:22.2,22.20 1 1
github.com/8soat-grupo35/grupo35-video-processing/internal/usecases/video_repository.go:24.80,26.16 2 1
github.com/8soat-grupo35/grupo35-video-processing/internal/usecases/video_repository.go:26.16,28.3 1 1
github.com/8soat-grupo35/grupo35-video-processing/internal/usecases/video_repository.go:29.2,29.26 1 1
github.com/8soat-grupo35/grupo35-video-processing/internal/usecases/video_repository.go:31.80,33.16 2 1
github.com/8soat-grupo35/grupo35-video-processing/internal/usecases/video_repository.go:33.16,35.3 1 1
github.com/8soat-grupo35/grupo35-video-processing/internal/usecases/video_repository.go:36.2,36.26 1 1
github.com/8soat-grupo35/grupo35-video-processing/internal/api/handlers/status.go:11.87,15.2 1 1
github.com/8soat-grupo35/grupo35-video-processing/internal/api/handlers/status.go:17.39,19.2 1 1
github.com/8soat-grupo35/grupo35-video-processing/internal/api/handlers/video.go:21.172,27.2 1 1
github.com/8soat-grupo35/grupo35-video-processing/internal/api/handlers/video.go:42.57,45.18 2 0
github.com/8soat-grupo35/grupo35-video-processing/internal/api/handlers/video.go:45.18,47.3 1 0
github.com/8soat-grupo35/grupo35-video-processing/internal/api/handlers/video.go:49.2,51.16 2 0
github.com/8soat-grupo35/grupo35-video-processing/internal/api/handlers/video.go:51.16,53.3 1 0
github.com/8soat-grupo35/grupo35-video-processing/internal/api/handlers/video.go:55.2,55.22 1 0
github.com/8soat-grupo35/grupo35-video-processing/internal/api/handlers/video.go:55.22,57.3 1 0
github.com/8soat-grupo35/grupo35-video-processing/internal/api/handlers/video.go:59.2,59.38 1 0
github.com/8soat-grupo35/grupo35-video-processing/internal/api/handlers/video.go:73.53,76.16 2 1
github.com/8soat-grupo35/grupo35-video-processing/internal/api/handlers/video.go:76.16,78.3 1 1
github.com/8soat-grupo35/grupo35-video-processing/internal/api/handlers/video.go:81.2,81.34 1 1
github.com/8soat-grupo35/grupo35-video-processing/internal/api/handlers/video.go:81.34,82.60 1 1
github.com/8soat-grupo35/grupo35-video-processing/internal/api/handlers/video.go:82.60,84.4 1 0
github.com/8soat-grupo35/grupo35-video-processing/internal/api/handlers/video.go:87.2,87.62 1 1
github.com/8soat-grupo35/grupo35-video-processing/internal/api/handlers/video.go:91.113,93.16 2 1
github.com/8soat-grupo35/grupo35-video-processing/internal/api/handlers/video.go:93.16,95.3 1 1
github.com/8soat-grupo35/grupo35-video-processing/internal/api/handlers/video.go:97.2,98.18 2 1
github.com/8soat-grupo35/grupo35-video-processing/internal/api/handlers/video.go:98.18,100.3 1 0
github.com/8soat-grupo35/grupo35-video-processing/internal/api/handlers/video.go:102.2,103.21 2 1
github.com/8soat-grupo35/grupo35-video-processing/internal/api/handlers/video.go:103.21,105.3 1 0
github.com/8soat-grupo35/grupo35-video-processing/internal/api/handlers/video.go:107.2,113.26 3 1
github.com/8soat-grupo35/grupo35-video-processing/internal/api/handlers/video.go:113.26,115.3 1 0
github.com/8soat-grupo35/grupo35-video-processing/internal/api/handlers/video.go:117.2,117.30 1 1
github.com/8soat-grupo35/grupo35-video-processing/internal/api/handlers/video.go:121.111,124.16 2 1
github.com/8soat-grupo35/grupo35-video-processing/internal/api/handlers/video.go:124.16,126.3 1 1
github.com/8soat-grupo35/grupo35-video-processing/internal/api/handlers/video.go:127.2,131.16 3 1
github.com/8soat-grupo35/grupo35-video-processing/internal/api/handlers/video.go:131.16,133.3 1 0
github.com/8soat-grupo35/grupo35-video-processing/internal/api/handlers/video.go:136.2,140.88 3 1
github.com/8soat-grupo35/grupo35-video-processing/internal/api/handlers/video.go:140.88,142.3 1 0
github.com/8soat-grupo35/grupo35-video-processing/internal/api/handlers/video.go:145.2,151.64 2 1
github.com/8soat-grupo35/grupo35-video-processing/internal/api/handlers/video.go:151.64,153.3 1 0
github.com/8soat-grupo35/grupo35-video-processing/internal/api/handlers/video.go:156.2,164.59 2 1
github.com/8soat-grupo35/grupo35-video-processing/internal/api/handlers/video.go:164.59,166.3 1 0
github.com/8soat-grupo35/grupo35-video-processing/internal/api/handlers/video.go:169.2,170.12 2 1
github.com/8soat-grupo35/grupo35-video-processing/internal/gateways/auth.go:35.61,40.2 1 0
github.com/8soat-grupo35/grupo35-video-processing/internal/gateways/auth.go:42.74,43.29 1 0
github.com/8soat-grupo35/grupo35-video-processing/internal/gateways/auth.go:43.29,44.43 1 0
github.com/8soat-grupo35/grupo35-video-processing/internal/gateways/auth.go:44.43,46.4 1 0
github.com/8soat-grupo35/grupo35-video-processing/internal/gateways/auth.go:49.2,51.16 2 0
github.com/8soat-grupo35/grupo35-video-processing/internal/gateways/auth.go:51.16,53.3 1 0
github.com/8soat-grupo35/grupo35-video-processing/internal/gateways/auth.go:55.2,55.83 1 0
github.com/8soat-grupo35/grupo35-video-processing/internal/gateways/auth.go:55.83,56.57 1 0
github.com/8soat-grupo35/grupo35-video-processing/internal/gateways/auth.go:56.57,58.4 1 0
github.com/8soat-grupo35/grupo35-video-processing/internal/gateways/auth.go:59.3,60.10 2 0
github.com/8soat-grupo35/grupo35-video-processing/internal/gateways/auth.go:60.10,62.4 1 0
github.com/8soat-grupo35/grupo35-video-processing/internal/gateways/auth.go:64.3,66.17 2 0
github.com/8soat-grupo35/grupo35-video-processing/internal/gateways/auth.go:66.17,68.4 1 0
github.com/8soat-grupo35/grupo35-video-processing/internal/gateways/auth.go:70.3,70.18 1 0
github.com/8soat-grupo35/grupo35-video-processing/internal/gateways/auth.go:73.2,73.16 1 0
github.com/8soat-grupo35/grupo35-video-processing/internal/gateways/auth.go:73.16,76.3 2 0
github.com/8soat-grupo35/grupo35-video-processing/internal/gateways/auth.go:78.2,79.26 2 0
github.com/8soat-grupo35/grupo35-video-processing/internal/gateways/auth.go:79.26,81.3 1 0
github.com/8soat-grupo35/grupo35-video-processing/internal/gateways/auth.go:83.2,83.21 1 0
github.com/8soat-grupo35/grupo35-video-processing/internal/gateways/auth.go:86.38,91.16 4 0
github.com/8soat-grupo35/grupo35-video-processing/internal/gateways/auth.go:91.16,93.3 1 0
github.com/8soat-grupo35/grupo35-video-processing/internal/gateways/auth.go:94.2,96.38 2 0
github.com/8soat-grupo35/grupo35-video-processing/internal/gateways/auth.go:96.38,98.3 1 0
github.com/8soat-grupo35/grupo35-video-processing/internal/gateways/auth.go:100.2,101.65 2 0
github.com/8soat-grupo35/grupo35-video-processing/internal/gateways/auth.go:101.65,103.3 1 0
github.com/8soat-grupo35/grupo35-video-processing/internal/gateways/auth.go:105.2,109.12 3 0
github.com/8soat-grupo35/grupo35-video-processing/internal/gateways/auth.go:112.47,114.40 2 0
github.com/8soat-grupo35/grupo35-video-processing/internal/gateways/auth.go:114.40,115.23 1 0
github.com/8soat-grupo35/grupo35-video-processing/internal/gateways/auth.go:115.23,117.18 2 0
github.com/8soat-grupo35/grupo35-video-processing/internal/gateways/auth.go:117.18,119.5 1 0
github.com/8soat-grupo35/grupo35-video-processing/internal/gateways/auth.go:120.4,121.18 2 0
github.com/8soat-grupo35/grupo35-video-processing/internal/gateways/auth.go:121.18,123.5 1 0
github.com/8soat-grupo35/grupo35-video-processing/internal/gateways/auth.go:125.4,132.37 4 0
github.com/8soat-grupo35/grupo35-video-processing/internal/gateways/auth.go:136.2,140.12 3 0
github.com/8soat-grupo35/grupo35-video-processing/internal/gateways/auth.go:143.65,145.9 2 0
github.com/8soat-grupo35/grupo35-video-processing/internal/gateways/auth.go:145.9,147.3 1 0
github.com/8soat-grupo35/grupo35-video-processing/internal/gateways/auth.go:148.2,148.17 1 0
github.com/8soat-grupo35/grupo35-video-processing/internal/gateways/cognito.go:12.63,14.16 2 0
github.com/8soat-grupo35/grupo35-video-processing/internal/gateways/cognito.go:14.16,16.3 1 0
github.com/8soat-grupo35/grupo35-video-processing/internal/gateways/cognito.go:18.2,24.16 3 0
github.com/8soat-grupo35/grupo35-video-processing/internal/gateways/cognito.go:24.16,26.3 1 0
github.com/8soat-grupo35/grupo35-video-processing/internal/gateways/cognito.go:29.2,29.49 1 0
github.com/8soat-grupo35/grupo35-video-processing/internal/gateways/cognito.go:29.49,30.28 1 0
github.com/8soat-grupo35/grupo35-video-processing/internal/gateways/cognito.go:30.28,32.4 1 0
github.com/8soat-grupo35/grupo35-video-processing/internal/gateways/cognito.go:35.2,35.43 1 0
github.com/8soat-grupo35/grupo35-video-processing/internal/gateways/dynamo.go:14.66,19.2 2 1
github.com/8soat-grupo35/grupo35-video-processing/internal/gateways/dynamo.go:20.88,22.16 2 1
github.com/8soat-grupo35/grupo35-video-processing/internal/gateways/dynamo.go:22.16,24.3 1 1
github.com/8soat-grupo35/grupo35-video-processing/internal/gateways/dynamo.go:25.2,25.29 1 1
github.com/8soat-grupo35/grupo35-video-processing/internal/gateways/dynamo.go:25.29,27.3 1 1
github.com/8soat-grupo35/grupo35-video-processing/internal/gateways/dynamo.go:28.2,28.20 1 1
github.com/8soat-grupo35/grupo35-video-processing/internal/gateways/dynamo.go:31.78,34.16 3 1
github.com/8soat-grupo35/grupo35-video-processing/internal/gateways/dynamo.go:34.16,36.3 1 1
github.com/8soat-grupo35/grupo35-video-processing/internal/gateways/dynamo.go:37.2,38.20 2 1
github.com/8soat-grupo35/grupo35-video-processing/internal/gateways/dynamo.go:40.78,43.16 3 1
github.com/8soat-grupo35/grupo35-video-processing/internal/gateways/dynamo.go:43.16,45.3 1 1
github.com/8soat-grupo35/grupo35-video-processing/internal/gateways/dynamo.go:46.2,47.44 2 1
github.com/8soat-grupo35/grupo35-video-processing/internal/gateways/dynamo.go:50.83,53.48 2 1
github.com/8soat-grupo35/grupo35-video-processing/internal/gateways/dynamo.go:53.48,55.3 1 1
github.com/8soat-grupo35/grupo35-video-processing/internal/gateways/dynamo.go:56.2,56.47 1 1
github.com/8soat-grupo35/grupo35-video-processing/internal/gateways/dynamo.go:56.47,58.3 1 1
github.com/8soat-grupo35/grupo35-video-processing/internal/gateways/dynamo.go:59.2,59.43 1 1
github.com/8soat-grupo35/grupo35-video-processing/internal/gateways/dynamo.go:59.43,61.3 1 1
github.com/8soat-grupo35/grupo35-video-processing/internal/gateways/dynamo.go:62.2,62.54 1 1
github.com/8soat-grupo35/grupo35-video-processing/internal/gateways/dynamo.go:62.54,64.3 1 1
github.com/8soat-grupo35/grupo35-video-processing/internal/gateways/dynamo.go:65.2,65.54 1 1
github.com/8soat-grupo35/grupo35-video-processing/internal/gateways/dynamo.go:65.54,67.3 1 1
github.com/8soat-grupo35/grupo35-video-processing/internal/gateways/dynamo.go:69.2,69.14 1 1
github.com/8soat-grupo35/grupo35-video-processing/internal/gateways/s3.go:20.60,24.2 1 1
github.com/8soat-grupo35/grupo35-video-processing/internal/gateways/s3.go:26.54,28.2 1 1
github.com/8soat-grupo35/grupo35-video-processing/internal/gateways/s3.go:30.87,31.25 1 1
github.com/8soat-grupo35/grupo35-video-processing/internal/gateways/s3.go:31.25,33.3 1 1
github.com/8soat-grupo35/grupo35-video-processing/internal/gateways/s3.go:35.2,44.16 3 1
github.com/8soat-grupo35/grupo35-video-processing/internal/gateways/s3.go:44.16,46.3 1 1
github.com/8soat-grupo35/grupo35-video-processing/internal/gateways/s3.go:48.2,48.12 1 1
github.com/8soat-grupo35/grupo35-video-processing/internal/gateways/sqs.go:21.108,27.2 1 0
github.com/8soat-grupo35/grupo35-video-processing/internal/gateways/sqs.go:29.82,35.16 2 1
github.com/8soat-grupo35/grupo35-video-processing/internal/gateways/sqs.go:35.16,37.3 1 1
github.com/8soat-grupo35/grupo35-video-processing/internal/gateways/sqs.go:39.2,41.42 2 1
github.com/8soat-grupo35/grupo35-video-processing/internal/gateways/sqs.go:41.42,49.17 3 1
github.com/8soat-grupo35/grupo35-video-processing/internal/gateways/sqs.go:49.17,51.4 1 1
github.com/8soat-grupo35/grupo35-video-processing/internal/gateways/sqs.go:54.2,54.12 1 1
github.com/8soat-grupo35/grupo35-video-processing/internal/gateways/sqs.go:57.52,60.16 2 0
github.com/8soat-grupo35/grupo35-video-processing/internal/gateways/sqs.go:60.16,62.3 1 0
github.com/8soat-grupo35/grupo35-video-processing/internal/gateways/sqs.go:64.2,71.16 3 0
github.com/8soat-grupo35/grupo35-video-processing/internal/gateways/sqs.go:71.16,73.3 1 0
github.com/8soat-grupo35/grupo35-video-processing/internal/gateways/sqs.go:75.2,77.12 2 0
